
Showing logs for build [32mcb-kubecd-environment-pr-27-38-xdsq6-1[0m stage [32mfrom-build-pack[0m and container [32mstep-credential-initializer-rwhnq[0m
{"level":"warn","ts":1570615077.1291597,"logger":"fallback-logger","caller":"logging/config.go:69","msg":"Fetch GitHub commit ID from kodata failed: \"ref: refs/heads/master\" is not a valid GitHub commit ID"}
{"level":"info","ts":1570615077.1297975,"logger":"fallback-logger","caller":"creds-init/main.go:40","msg":"Credentials initialized."}

Showing logs for build [32mcb-kubecd-environment-pr-27-38-xdsq6-1[0m stage [32mfrom-build-pack[0m and container [32mstep-working-dir-initializer-fz79w[0m
{"level":"warn","ts":1570615078.4365625,"logger":"fallback-logger","caller":"logging/config.go:69","msg":"Fetch GitHub commit ID from kodata failed: open /var/run/ko/HEAD: no such file or directory"}
{"level":"info","ts":1570615078.5324104,"logger":"fallback-logger","caller":"bash/main.go:65","msg":"Successfully executed command \"mkdir -p /workspace/source /workspace/source/env\""}

Showing logs for build [32mcb-kubecd-environment-pr-27-38-xdsq6-1[0m stage [32mfrom-build-pack[0m and container [32mstep-place-tools[0m

Showing logs for build [32mcb-kubecd-environment-pr-27-38-xdsq6-1[0m stage [32mfrom-build-pack[0m and container [32mstep-git-source-cb-kubecd-environment-pr-27-38-v7z75[0m
{"level":"warn","ts":1570615134.5569863,"logger":"fallback-logger","caller":"logging/config.go:69","msg":"Fetch GitHub commit ID from kodata failed: \"ref: refs/heads/master\" is not a valid GitHub commit ID"}
{"level":"info","ts":1570615135.6121857,"logger":"fallback-logger","caller":"git/git.go:102","msg":"Successfully cloned https://github.com/cb-kubecd/environment-pr-27-38-boot-gke-production.git @ 26164332eeecb274ad252b6888b475e45dee69b1 in path /workspace/source"}

Showing logs for build [32mcb-kubecd-environment-pr-27-38-xdsq6-1[0m stage [32mfrom-build-pack[0m and container [32mstep-git-merge[0m
Using SHAs from PULL_REFS=master:3dc0a8c5c489e9c14e644f46fe3bf54e6e2c77ad,1:26164332eeecb274ad252b6888b475e45dee69b1
DEBUG: ran git fetch --unshallow origin 26164332eeecb274ad252b6888b475e45dee69b1: 3dc0a8c5c489e9c14e644f46fe3bf54e6e2c77ad: in 
DEBUG: ran git checkout master in 
DEBUG: ran git reset --hard 3dc0a8c5c489e9c14e644f46fe3bf54e6e2c77ad in 
DEBUG: ran clean --force -d . in 
DEBUG: ran git merge 26164332eeecb274ad252b6888b475e45dee69b1 in 
Merged SHA 26164332eeecb274ad252b6888b475e45dee69b1 with commit message 'chore: Promote bdd-spring-1570614300 to version 0.0.1' into base branch master

Showing logs for build [32mcb-kubecd-environment-pr-27-38-xdsq6-1[0m stage [32mfrom-build-pack[0m and container [32mstep-build-helm-build[0m
WARNING: No $CHART_REPOSITORY defined so using the default value of: http://jenkins-x-chartmuseum:8080
Adding missing Helm repo: storage.googleapis.com https://storage.googleapis.com/chartmuseum.jenkins-x.io
Read credentials for https://storage.googleapis.com/chartmuseum.jenkins-x.io from vault helm/repos
Successfully added Helm repository storage.googleapis.com.
Adding missing Helm repo: jenkins-x-chartmuseum http://jenkins-x-chartmuseum:8080
Read credentials for http://jenkins-x-chartmuseum:8080 from vault helm/repos
Successfully added Helm repository jenkins-x-chartmuseum.
WARNING: No $CHART_REPOSITORY defined so using the default value of: http://jenkins-x-chartmuseum:8080
Adding missing Helm repo: chartmuseum.jenkins-x.io http://chartmuseum.jenkins-x.io
Read credentials for http://chartmuseum.jenkins-x.io from vault helm/repos
Successfully added Helm repository chartmuseum.jenkins-x.io.
